<?xml version="1.0" encoding="utf-8"?>
<CoverageSession xmlns:xsd="http://www.w3.org/2001/XMLSchema" xmlns:xsi="http://www.w3.org/2001/XMLSchema-instance">
  <Summary numSequencePoints="23" visitedSequencePoints="18" numBranchPoints="14" visitedBranchPoints="12" sequenceCoverage="78.26" branchCoverage="85.71" maxCyclomaticComplexity="4" minCyclomaticComplexity="1" visitedClasses="2" numClasses="3" visitedMethods="8" numMethods="10" />
  <Modules>
    <Module skippedDueTo="Filter" hash="EA-B3-A2-30-3C-4D-54-1C-6E-3A-4A-52-B7-61-53-86-B8-12-8D-49">
      <ModulePath>C:\WINDOWS\Microsoft.Net\assembly\GAC_64\mscorlib\v4.0_4.0.0.0__b77a5c561934e089\mscorlib.dll</ModulePath>
      <ModuleTime>2017-05-20T03:10:39.5782821Z</ModuleTime>
      <ModuleName>mscorlib</ModuleName>
      <Classes />
    </Module>
    <Module skippedDueTo="Filter" hash="C9-73-ED-04-00-C6-51-60-27-F2-A0-0B-90-05-B8-86-6E-DB-6B-00">
      <ModulePath>C:\Users\critical\Desktop\Cake.SonarScanner\tools\xunit.runner.console\tools\xunit.console.exe</ModulePath>
      <ModuleTime>2015-09-27T10:34:28Z</ModuleTime>
      <ModuleName>xunit.console</ModuleName>
      <Classes />
    </Module>
    <Module skippedDueTo="Filter" hash="2C-BE-1B-C3-02-35-ED-A0-CC-7C-AB-BA-F1-C5-8D-DE-79-03-01-9A">
      <ModulePath>C:\Users\critical\Desktop\Cake.SonarScanner\tools\xunit.runner.console\tools\xunit.runner.utility.desktop.dll</ModulePath>
      <ModuleTime>2015-09-27T10:34:28Z</ModuleTime>
      <ModuleName>xunit.runner.utility.desktop</ModuleName>
      <Classes />
    </Module>
    <Module skippedDueTo="Filter" hash="9E-A9-5D-7F-86-82-4D-02-7D-07-AD-C0-17-06-5D-73-8F-1F-28-44">
      <ModulePath>C:\Users\critical\Desktop\Cake.SonarScanner\tools\xunit.runner.console\tools\xunit.abstractions.dll</ModulePath>
      <ModuleTime>2015-09-27T10:34:28Z</ModuleTime>
      <ModuleName>xunit.abstractions</ModuleName>
      <Classes />
    </Module>
    <Module skippedDueTo="Filter" hash="D0-60-0C-D0-DA-1B-FE-75-35-FA-19-18-0B-33-D0-3F-23-E1-2D-EE">
      <ModulePath>C:\WINDOWS\Microsoft.Net\assembly\GAC_MSIL\System.Core\v4.0_4.0.0.0__b77a5c561934e089\System.Core.dll</ModulePath>
      <ModuleTime>2017-05-20T03:10:56.0163894Z</ModuleTime>
      <ModuleName>System.Core</ModuleName>
      <Classes />
    </Module>
    <Module skippedDueTo="Filter" hash="AA-84-EA-4A-FD-23-17-44-E5-3B-73-2A-3D-B6-0E-17-EE-E1-53-6A">
      <ModulePath>C:\Users\critical\Desktop\Cake.SonarScanner\tools\xunit.runner.console\tools\xunit.runner.reporters.desktop.dll</ModulePath>
      <ModuleTime>2015-09-27T10:34:28Z</ModuleTime>
      <ModuleName>xunit.runner.reporters.desktop</ModuleName>
      <Classes />
    </Module>
    <Module skippedDueTo="Filter" hash="6A-B0-08-80-0B-A5-95-C7-FA-79-33-2C-55-FC-56-DE-B2-D4-6F-B8">
      <ModulePath>C:\WINDOWS\Microsoft.Net\assembly\GAC_MSIL\System.Net.Http\v4.0_4.0.0.0__b03f5f7f11d50a3a\System.Net.Http.dll</ModulePath>
      <ModuleTime>2017-03-18T20:59:43.9625256Z</ModuleTime>
      <ModuleName>System.Net.Http</ModuleName>
      <Classes />
    </Module>
    <Module skippedDueTo="Filter" hash="79-2F-E4-81-15-23-A9-72-6E-4B-61-08-E7-03-D3-3D-F2-DA-F6-11">
      <ModulePath>C:\WINDOWS\Microsoft.Net\assembly\GAC_MSIL\System\v4.0_4.0.0.0__b77a5c561934e089\System.dll</ModulePath>
      <ModuleTime>2017-04-27T21:18:08.4447074Z</ModuleTime>
      <ModuleName>System</ModuleName>
      <Classes />
    </Module>
    <Module skippedDueTo="Filter" hash="23-BC-31-F6-43-B2-A8-0E-53-0D-F9-0B-70-B7-5D-8F-D4-C6-52-05">
      <ModulePath>C:\WINDOWS\Microsoft.Net\assembly\GAC_64\System.Web\v4.0_4.0.0.0__b03f5f7f11d50a3a\System.Web.dll</ModulePath>
      <ModuleTime>2017-03-18T20:59:47.9159862Z</ModuleTime>
      <ModuleName>System.Web</ModuleName>
      <Classes />
    </Module>
    <Module skippedDueTo="Filter" hash="B2-28-6B-70-63-9D-E4-57-87-05-C1-81-C5-79-94-3B-83-FA-E0-DD">
      <ModulePath>C:\WINDOWS\Microsoft.Net\assembly\GAC_MSIL\System.Xml.Linq\v4.0_4.0.0.0__b77a5c561934e089\System.Xml.Linq.dll</ModulePath>
      <ModuleTime>2017-03-18T20:59:45.7283009Z</ModuleTime>
      <ModuleName>System.Xml.Linq</ModuleName>
      <Classes />
    </Module>
    <Module skippedDueTo="Filter" hash="BC-3D-7B-FA-41-15-98-9E-BD-CB-6E-11-CC-4E-F2-49-2D-A6-58-72">
      <ModulePath>C:\WINDOWS\Microsoft.Net\assembly\GAC_MSIL\System.Xml\v4.0_4.0.0.0__b77a5c561934e089\System.Xml.dll</ModulePath>
      <ModuleTime>2017-03-18T20:59:43.8218895Z</ModuleTime>
      <ModuleName>System.Xml</ModuleName>
      <Classes />
    </Module>
    <Module skippedDueTo="Filter" hash="0C-91-60-C5-26-07-2E-2E-54-A1-8A-32-86-67-C5-B4-A5-93-05-F9">
      <ModulePath>C:\WINDOWS\Microsoft.Net\assembly\GAC_MSIL\System.Configuration\v4.0_4.0.0.0__b03f5f7f11d50a3a\System.Configuration.dll</ModulePath>
      <ModuleTime>2017-03-18T20:59:43.7281312Z</ModuleTime>
      <ModuleName>System.Configuration</ModuleName>
      <Classes />
    </Module>
    <Module skippedDueTo="Filter" hash="2C-BE-1B-C3-02-35-ED-A0-CC-7C-AB-BA-F1-C5-8D-DE-79-03-01-9A">
      <ModulePath>C:\Users\critical\AppData\Local\Temp\e63fea68-f718-4744-9a3c-730fcfa138f2\e63fea68-f718-4744-9a3c-730fcfa138f2\assembly\dl3\7c50b2a8\00122416_10f9d001\xunit.runner.utility.desktop.dll</ModulePath>
      <ModuleTime>2017-06-27T14:23:13.2865095Z</ModuleTime>
      <ModuleName>xunit.runner.utility.desktop</ModuleName>
      <Classes />
    </Module>
    <Module skippedDueTo="Filter" hash="D0-60-0C-D0-DA-1B-FE-75-35-FA-19-18-0B-33-D0-3F-23-E1-2D-EE">
      <ModulePath>C:\WINDOWS\Microsoft.Net\assembly\GAC_MSIL\System.Core\v4.0_4.0.0.0__b77a5c561934e089\System.Core.dll</ModulePath>
      <ModuleTime>2017-05-20T03:10:56.0163894Z</ModuleTime>
      <ModuleName>System.Core</ModuleName>
      <Classes />
    </Module>
    <Module skippedDueTo="Filter" hash="79-2F-E4-81-15-23-A9-72-6E-4B-61-08-E7-03-D3-3D-F2-DA-F6-11">
      <ModulePath>C:\WINDOWS\Microsoft.Net\assembly\GAC_MSIL\System\v4.0_4.0.0.0__b77a5c561934e089\System.dll</ModulePath>
      <ModuleTime>2017-04-27T21:18:08.4447074Z</ModuleTime>
      <ModuleName>System</ModuleName>
      <Classes />
    </Module>
    <Module skippedDueTo="MissingPdb" hash="">
      <ModulePath>RefEmit_InMemoryManifestModule</ModulePath>
      <ModuleTime>0001-01-01T00:00:00</ModuleTime>
      <ModuleName>Anonymously Hosted DynamicMethods Assembly</ModuleName>
      <Classes />
    </Module>
    <Module skippedDueTo="Filter" hash="73-8B-65-D7-CE-82-69-7A-41-E6-29-0D-CF-77-E6-3F-FC-C1-28-71">
      <ModulePath>C:\Users\critical\Desktop\Cake.SonarScanner\Cake.SonarScanner.Tests\bin\Release\Cake.SonarScanner.Tests.dll</ModulePath>
      <ModuleTime>2017-06-27T14:23:10.6914671Z</ModuleTime>
      <ModuleName>Cake.SonarScanner.Tests</ModuleName>
      <Classes />
    </Module>
    <Module skippedDueTo="MissingPdb" hash="A4-BC-B3-56-91-BC-7E-44-AD-6D-F5-A7-FE-34-C5-08-60-C8-FD-04">
      <ModulePath>C:\Users\critical\Desktop\Cake.SonarScanner\Cake.SonarScanner.Tests\bin\Release\Cake.Testing.dll</ModulePath>
      <ModuleTime>2017-06-12T21:26:06Z</ModuleTime>
      <ModuleName>Cake.Testing</ModuleName>
      <Classes />
    </Module>
    <Module hash="BC-F9-64-CB-35-62-30-5C-8C-0C-69-97-F3-C5-76-B5-A0-EB-06-41">
      <Summary numSequencePoints="23" visitedSequencePoints="18" numBranchPoints="14" visitedBranchPoints="12" sequenceCoverage="78.26" branchCoverage="85.71" maxCyclomaticComplexity="4" minCyclomaticComplexity="1" visitedClasses="2" numClasses="3" visitedMethods="8" numMethods="10" />
      <ModulePath>C:\Users\critical\Desktop\Cake.SonarScanner\Cake.SonarScanner.Tests\bin\Release\Cake.SonarScanner.dll</ModulePath>
      <ModuleTime>2017-06-27T14:23:10.4847352Z</ModuleTime>
      <ModuleName>Cake.SonarScanner</ModuleName>
      <Files>
        <File uid="1" fullPath="C:\Users\critical\Desktop\Cake.SonarScanner\Cake.SonarScanner\Aliases.cs" />
        <File uid="2" fullPath="C:\Users\critical\Desktop\Cake.SonarScanner\Cake.SonarScanner\SonarScannerSettings.cs" />
        <File uid="3" fullPath="C:\Users\critical\Desktop\Cake.SonarScanner\Cake.SonarScanner\SonarScannerTool.cs" />
      </Files>
      <Classes>
        <Class>
          <Summary numSequencePoints="0" visitedSequencePoints="0" numBranchPoints="0" visitedBranchPoints="0" sequenceCoverage="0" branchCoverage="0" maxCyclomaticComplexity="0" minCyclomaticComplexity="0" visitedClasses="0" numClasses="0" visitedMethods="0" numMethods="0" />
          <FullName>&lt;Module&gt;</FullName>
          <Methods />
        </Class>
        <Class>
          <Summary numSequencePoints="5" visitedSequencePoints="0" numBranchPoints="2" visitedBranchPoints="0" sequenceCoverage="0" branchCoverage="0" maxCyclomaticComplexity="1" minCyclomaticComplexity="1" visitedClasses="0" numClasses="1" visitedMethods="0" numMethods="2" />
          <FullName>Cake.SonarScanner.SonarScannerAliases</FullName>
          <Methods>
            <Method visited="false" cyclomaticComplexity="1" nPathComplexity="0" sequenceCoverage="0" branchCoverage="0" isConstructor="false" isStatic="true" isGetter="false" isSetter="false">
              <Summary numSequencePoints="2" visitedSequencePoints="0" numBranchPoints="1" visitedBranchPoints="0" sequenceCoverage="0" branchCoverage="0" maxCyclomaticComplexity="1" minCyclomaticComplexity="1" visitedClasses="0" numClasses="0" visitedMethods="0" numMethods="1" />
              <MetadataToken>100663297</MetadataToken>
              <Name>System.Void Cake.SonarScanner.SonarScannerAliases::SonarScanner(Cake.Core.ICakeContext)</Name>
              <FileRef uid="1" />
              <SequencePoints>
                <SequencePoint vc="0" uspid="1" ordinal="0" offset="0" sl="38" sc="13" el="38" ec="63" bec="0" bev="0" fileid="1" />
                <SequencePoint vc="0" uspid="2" ordinal="1" offset="11" sl="39" sc="9" el="39" ec="10" bec="0" bev="0" fileid="1" />
              </SequencePoints>
              <BranchPoints />
              <MethodPoint xsi:type="SequencePoint" vc="0" uspid="1" ordinal="0" offset="0" sl="38" sc="13" el="38" ec="63" bec="0" bev="0" fileid="1" />
            </Method>
            <Method visited="false" cyclomaticComplexity="1" nPathComplexity="0" sequenceCoverage="0" branchCoverage="0" isConstructor="false" isStatic="true" isGetter="false" isSetter="false">
              <Summary numSequencePoints="3" visitedSequencePoints="0" numBranchPoints="1" visitedBranchPoints="0" sequenceCoverage="0" branchCoverage="0" maxCyclomaticComplexity="1" minCyclomaticComplexity="1" visitedClasses="0" numClasses="0" visitedMethods="0" numMethods="1" />
              <MetadataToken>100663298</MetadataToken>
              <Name>System.Void Cake.SonarScanner.SonarScannerAliases::SonarScanner(Cake.Core.ICakeContext,Cake.SonarScanner.SonarScannerSettings)</Name>
              <FileRef uid="1" />
              <SequencePoints>
                <SequencePoint vc="0" uspid="3" ordinal="0" offset="0" sl="65" sc="13" el="65" ec="126" bec="0" bev="0" fileid="1" />
                <SequencePoint vc="0" uspid="4" ordinal="1" offset="29" sl="66" sc="13" el="66" ec="46" bec="0" bev="0" fileid="1" />
                <SequencePoint vc="0" uspid="5" ordinal="2" offset="35" sl="67" sc="9" el="67" ec="10" bec="0" bev="0" fileid="1" />
              </SequencePoints>
              <BranchPoints />
              <MethodPoint xsi:type="SequencePoint" vc="0" uspid="3" ordinal="0" offset="0" sl="65" sc="13" el="65" ec="126" bec="0" bev="0" fileid="1" />
            </Method>
          </Methods>
        </Class>
        <Class>
          <Summary numSequencePoints="4" visitedSequencePoints="4" numBranchPoints="4" visitedBranchPoints="4" sequenceCoverage="100" branchCoverage="100" maxCyclomaticComplexity="1" minCyclomaticComplexity="1" visitedClasses="1" numClasses="1" visitedMethods="4" numMethods="4" />
          <FullName>Cake.SonarScanner.SonarScannerSettings</FullName>
          <Methods>
            <Method visited="true" cyclomaticComplexity="1" nPathComplexity="0" sequenceCoverage="100" branchCoverage="100" isConstructor="false" isStatic="false" isGetter="true" isSetter="false">
              <Summary numSequencePoints="1" visitedSequencePoints="1" numBranchPoints="1" visitedBranchPoints="1" sequenceCoverage="100" branchCoverage="100" maxCyclomaticComplexity="1" minCyclomaticComplexity="1" visitedClasses="0" numClasses="0" visitedMethods="1" numMethods="1" />
              <MetadataToken>100663299</MetadataToken>
              <Name>System.Boolean Cake.SonarScanner.SonarScannerSettings::get_Debug()</Name>
              <FileRef uid="2" />
              <SequencePoints>
                <SequencePoint vc="2" uspid="6" ordinal="0" offset="0" sl="15" sc="29" el="15" ec="33" bec="0" bev="0" fileid="2" />
              </SequencePoints>
              <BranchPoints />
              <MethodPoint xsi:type="SequencePoint" vc="2" uspid="6" ordinal="0" offset="0" sl="15" sc="29" el="15" ec="33" bec="0" bev="0" fileid="2" />
            </Method>
            <Method visited="true" cyclomaticComplexity="1" nPathComplexity="0" sequenceCoverage="100" branchCoverage="100" isConstructor="false" isStatic="false" isGetter="false" isSetter="true">
              <Summary numSequencePoints="1" visitedSequencePoints="1" numBranchPoints="1" visitedBranchPoints="1" sequenceCoverage="100" branchCoverage="100" maxCyclomaticComplexity="1" minCyclomaticComplexity="1" visitedClasses="0" numClasses="0" visitedMethods="1" numMethods="1" />
              <MetadataToken>100663300</MetadataToken>
              <Name>System.Void Cake.SonarScanner.SonarScannerSettings::set_Debug(System.Boolean)</Name>
              <FileRef uid="2" />
              <SequencePoints>
                <SequencePoint vc="1" uspid="7" ordinal="0" offset="0" sl="15" sc="34" el="15" ec="38" bec="0" bev="0" fileid="2" />
              </SequencePoints>
              <BranchPoints />
              <MethodPoint xsi:type="SequencePoint" vc="1" uspid="7" ordinal="0" offset="0" sl="15" sc="34" el="15" ec="38" bec="0" bev="0" fileid="2" />
            </Method>
            <Method visited="true" cyclomaticComplexity="1" nPathComplexity="0" sequenceCoverage="100" branchCoverage="100" isConstructor="false" isStatic="false" isGetter="true" isSetter="false">
              <Summary numSequencePoints="1" visitedSequencePoints="1" numBranchPoints="1" visitedBranchPoints="1" sequenceCoverage="100" branchCoverage="100" maxCyclomaticComplexity="1" minCyclomaticComplexity="1" visitedClasses="0" numClasses="0" visitedMethods="1" numMethods="1" />
              <MetadataToken>100663301</MetadataToken>
              <Name>System.Collections.Generic.Dictionary`2&lt;System.String,System.String&gt; Cake.SonarScanner.SonarScannerSettings::get_Properties()</Name>
              <FileRef uid="2" />
              <SequencePoints>
                <SequencePoint vc="3" uspid="8" ordinal="0" offset="0" sl="20" sc="56" el="20" ec="60" bec="0" bev="0" fileid="2" />
              </SequencePoints>
              <BranchPoints />
              <MethodPoint xsi:type="SequencePoint" vc="3" uspid="8" ordinal="0" offset="0" sl="20" sc="56" el="20" ec="60" bec="0" bev="0" fileid="2" />
            </Method>
            <Method visited="true" cyclomaticComplexity="1" nPathComplexity="0" sequenceCoverage="100" branchCoverage="100" isConstructor="false" isStatic="false" isGetter="false" isSetter="true">
              <Summary numSequencePoints="1" visitedSequencePoints="1" numBranchPoints="1" visitedBranchPoints="1" sequenceCoverage="100" branchCoverage="100" maxCyclomaticComplexity="1" minCyclomaticComplexity="1" visitedClasses="0" numClasses="0" visitedMethods="1" numMethods="1" />
              <MetadataToken>100663302</MetadataToken>
              <Name>System.Void Cake.SonarScanner.SonarScannerSettings::set_Properties(System.Collections.Generic.Dictionary`2&lt;System.String,System.String&gt;)</Name>
              <FileRef uid="2" />
              <SequencePoints>
                <SequencePoint vc="1" uspid="9" ordinal="0" offset="0" sl="20" sc="61" el="20" ec="65" bec="0" bev="0" fileid="2" />
              </SequencePoints>
              <BranchPoints />
              <MethodPoint xsi:type="SequencePoint" vc="1" uspid="9" ordinal="0" offset="0" sl="20" sc="61" el="20" ec="65" bec="0" bev="0" fileid="2" />
            </Method>
            <Method visited="true" cyclomaticComplexity="1" nPathComplexity="0" sequenceCoverage="0" branchCoverage="0" isConstructor="true" isStatic="false" isGetter="false" isSetter="false">
              <Summary numSequencePoints="0" visitedSequencePoints="0" numBranchPoints="0" visitedBranchPoints="0" sequenceCoverage="0" branchCoverage="0" maxCyclomaticComplexity="1" minCyclomaticComplexity="1" visitedClasses="0" numClasses="0" visitedMethods="0" numMethods="0" />
              <MetadataToken>100663303</MetadataToken>
              <Name>System.Void Cake.SonarScanner.SonarScannerSettings::.ctor()</Name>
              <SequencePoints />
              <BranchPoints />
              <MethodPoint vc="5" uspid="10" ordinal="0" offset="0" />
            </Method>
          </Methods>
        </Class>
        <Class>
          <Summary numSequencePoints="14" visitedSequencePoints="14" numBranchPoints="8" visitedBranchPoints="8" sequenceCoverage="100" branchCoverage="100" maxCyclomaticComplexity="4" minCyclomaticComplexity="1" visitedClasses="1" numClasses="1" visitedMethods="4" numMethods="4" />
          <FullName>Cake.SonarScanner.SonarScannerTool</FullName>
          <Methods>
            <Method visited="true" cyclomaticComplexity="1" nPathComplexity="0" sequenceCoverage="100" branchCoverage="100" isConstructor="true" isStatic="false" isGetter="false" isSetter="false">
              <Summary numSequencePoints="2" visitedSequencePoints="2" numBranchPoints="1" visitedBranchPoints="1" sequenceCoverage="100" branchCoverage="100" maxCyclomaticComplexity="1" minCyclomaticComplexity="1" visitedClasses="0" numClasses="0" visitedMethods="1" numMethods="1" />
              <MetadataToken>100663304</MetadataToken>
              <Name>System.Void Cake.SonarScanner.SonarScannerTool::.ctor(Cake.Core.IO.IFileSystem,Cake.Core.ICakeEnvironment,Cake.Core.IO.IProcessRunner,Cake.Core.Tooling.IToolLocator)</Name>
              <FileRef uid="3" />
              <SequencePoints>
                <SequencePoint vc="3" uspid="11" ordinal="0" offset="0" sl="15" sc="15" el="15" ec="66" bec="0" bev="0" fileid="3" />
                <SequencePoint vc="3" uspid="12" ordinal="1" offset="11" sl="17" sc="9" el="17" ec="10" bec="0" bev="0" fileid="3" />
              </SequencePoints>
              <BranchPoints />
              <MethodPoint xsi:type="SequencePoint" vc="3" uspid="11" ordinal="0" offset="0" sl="15" sc="15" el="15" ec="66" bec="0" bev="0" fileid="3" />
            </Method>
            <Method visited="true" cyclomaticComplexity="1" nPathComplexity="0" sequenceCoverage="100" branchCoverage="100" isConstructor="false" isStatic="false" isGetter="false" isSetter="false">
              <Summary numSequencePoints="1" visitedSequencePoints="1" numBranchPoints="1" visitedBranchPoints="1" sequenceCoverage="100" branchCoverage="100" maxCyclomaticComplexity="1" minCyclomaticComplexity="1" visitedClasses="0" numClasses="0" visitedMethods="1" numMethods="1" />
              <MetadataToken>100663305</MetadataToken>
              <Name>System.String Cake.SonarScanner.SonarScannerTool::GetToolName()</Name>
              <FileRef uid="3" />
              <SequencePoints>
                <SequencePoint vc="2" uspid="13" ordinal="0" offset="0" sl="21" sc="13" el="21" ec="36" bec="0" bev="0" fileid="3" />
              </SequencePoints>
              <BranchPoints />
              <MethodPoint xsi:type="SequencePoint" vc="2" uspid="13" ordinal="0" offset="0" sl="21" sc="13" el="21" ec="36" bec="0" bev="0" fileid="3" />
            </Method>
            <Method visited="true" cyclomaticComplexity="1" nPathComplexity="0" sequenceCoverage="100" branchCoverage="100" isConstructor="false" isStatic="false" isGetter="false" isSetter="false">
              <Summary numSequencePoints="1" visitedSequencePoints="1" numBranchPoints="1" visitedBranchPoints="1" sequenceCoverage="100" branchCoverage="100" maxCyclomaticComplexity="1" minCyclomaticComplexity="1" visitedClasses="0" numClasses="0" visitedMethods="1" numMethods="1" />
              <MetadataToken>100663306</MetadataToken>
              <Name>System.Collections.Generic.IEnumerable`1&lt;System.String&gt; Cake.SonarScanner.SonarScannerTool::GetToolExecutableNames()</Name>
              <FileRef uid="3" />
              <SequencePoints>
                <SequencePoint vc="2" uspid="14" ordinal="0" offset="0" sl="26" sc="13" el="26" ec="67" bec="0" bev="0" fileid="3" />
              </SequencePoints>
              <BranchPoints />
              <MethodPoint xsi:type="SequencePoint" vc="2" uspid="14" ordinal="0" offset="0" sl="26" sc="13" el="26" ec="67" bec="0" bev="0" fileid="3" />
            </Method>
            <Method visited="true" cyclomaticComplexity="4" nPathComplexity="4" sequenceCoverage="100" branchCoverage="100" isConstructor="false" isStatic="false" isGetter="false" isSetter="false">
              <Summary numSequencePoints="10" visitedSequencePoints="10" numBranchPoints="5" visitedBranchPoints="5" sequenceCoverage="100" branchCoverage="100" maxCyclomaticComplexity="4" minCyclomaticComplexity="4" visitedClasses="0" numClasses="0" visitedMethods="1" numMethods="1" />
              <MetadataToken>100663307</MetadataToken>
              <Name>System.Void Cake.SonarScanner.SonarScannerTool::RunSonarScanner(Cake.SonarScanner.SonarScannerSettings)</Name>
              <FileRef uid="3" />
              <SequencePoints>
                <SequencePoint vc="3" uspid="15" ordinal="0" offset="0" sl="31" sc="13" el="31" ec="51" bec="0" bev="0" fileid="3" />
                <SequencePoint vc="3" uspid="16" ordinal="1" offset="6" sl="32" sc="13" el="32" ec="32" bec="2" bev="2" fileid="3" />
                <SequencePoint vc="1" uspid="17" ordinal="2" offset="14" sl="34" sc="17" el="34" ec="33" bec="0" bev="0" fileid="3" />
                <SequencePoint vc="2" uspid="18" ordinal="3" offset="26" sl="37" sc="13" el="37" ec="45" bec="2" bev="2" fileid="3" />
                <SequencePoint vc="1" uspid="19" ordinal="4" offset="34" sl="39" sc="50" el="39" ec="69" bec="0" bev="0" fileid="3" />
                <SequencePoint vc="1" uspid="20" ordinal="5" offset="48" sl="39" sc="26" el="39" ec="46" bec="0" bev="0" fileid="3" />
                <SequencePoint vc="1" uspid="21" ordinal="6" offset="56" sl="41" sc="21" el="41" ec="91" bec="0" bev="0" fileid="3" />
                <SequencePoint vc="2" uspid="22" ordinal="7" offset="92" sl="39" sc="47" el="39" ec="49" bec="0" bev="0" fileid="3" />
                <SequencePoint vc="2" uspid="23" ordinal="8" offset="117" sl="45" sc="13" el="45" ec="31" bec="0" bev="0" fileid="3" />
                <SequencePoint vc="2" uspid="24" ordinal="9" offset="125" sl="46" sc="9" el="46" ec="10" bec="0" bev="0" fileid="3" />
              </SequencePoints>
              <BranchPoints>
                <BranchPoint vc="1" uspid="25" ordinal="0" offset="12" sl="32" path="0" offsetend="14" fileid="3" />
                <BranchPoint vc="1" uspid="26" ordinal="1" offset="12" sl="32" path="1" offsetend="26" fileid="3" />
                <BranchPoint vc="1" uspid="27" ordinal="2" offset="32" sl="37" path="0" offsetend="34" fileid="3" />
                <BranchPoint vc="1" uspid="28" ordinal="3" offset="32" sl="37" path="1" offsetend="117" fileid="3" />
              </BranchPoints>
              <MethodPoint xsi:type="SequencePoint" vc="3" uspid="15" ordinal="0" offset="0" sl="31" sc="13" el="31" ec="51" bec="0" bev="0" fileid="3" />
            </Method>
          </Methods>
        </Class>
      </Classes>
    </Module>
    <Module skippedDueTo="MissingPdb" hash="D3-E3-51-BF-FB-68-AC-C7-D2-29-B5-3A-12-3E-EA-50-B7-A1-62-AA">
      <ModulePath>C:\Users\critical\Desktop\Cake.SonarScanner\Cake.SonarScanner.Tests\bin\Release\Cake.Core.dll</ModulePath>
      <ModuleTime>2017-06-12T21:25:46Z</ModuleTime>
      <ModuleName>Cake.Core</ModuleName>
      <Classes />
    </Module>
    <Module skippedDueTo="Filter" hash="65-5E-31-B7-F8-FE-26-52-25-8F-0A-D2-D8-6E-39-0F-97-5A-43-F3">
      <ModulePath>C:\Users\critical\Desktop\Cake.SonarScanner\Cake.SonarScanner.Tests\bin\Release\xunit.execution.desktop.dll</ModulePath>
      <ModuleTime>2017-02-19T15:18:04Z</ModuleTime>
      <ModuleName>xunit.execution.desktop</ModuleName>
      <Classes />
    </Module>
    <Module skippedDueTo="Filter" hash="73-8B-65-D7-CE-82-69-7A-41-E6-29-0D-CF-77-E6-3F-FC-C1-28-71">
      <ModulePath>C:\Users\critical\Desktop\Cake.SonarScanner\Cake.SonarScanner.Tests\bin\Release\Cake.SonarScanner.Tests.dll</ModulePath>
      <ModuleTime>2017-06-27T14:23:10.6914671Z</ModuleTime>
      <ModuleName>Cake.SonarScanner.Tests</ModuleName>
      <Classes />
    </Module>
    <Module skippedDueTo="Filter" hash="B4-1C-0E-F5-FD-FF-9B-C4-1E-A4-FC-70-D7-8F-C0-AC-9B-CC-1F-13">
      <ModulePath>C:\Users\critical\Desktop\Cake.SonarScanner\Cake.SonarScanner.Tests\bin\Release\xunit.core.dll</ModulePath>
      <ModuleTime>2017-02-19T15:18:04Z</ModuleTime>
      <ModuleName>xunit.core</ModuleName>
      <Classes />
    </Module>
    <Module skippedDueTo="Filter" hash="63-02-4A-CB-0D-89-B1-A5-EB-F8-7B-AB-52-77-A5-45-B8-9D-6B-8F">
      <ModulePath>C:\WINDOWS\Microsoft.Net\assembly\GAC_MSIL\System.Runtime\v4.0_4.0.0.0__b03f5f7f11d50a3a\System.Runtime.dll</ModulePath>
      <ModuleTime>2017-03-18T20:59:43.9469001Z</ModuleTime>
      <ModuleName>System.Runtime</ModuleName>
      <Classes />
    </Module>
    <Module skippedDueTo="MissingPdb" hash="A4-BC-B3-56-91-BC-7E-44-AD-6D-F5-A7-FE-34-C5-08-60-C8-FD-04">
      <ModulePath>C:\Users\critical\Desktop\Cake.SonarScanner\Cake.SonarScanner.Tests\bin\Release\Cake.Testing.dll</ModulePath>
      <ModuleTime>2017-06-12T21:26:06Z</ModuleTime>
      <ModuleName>Cake.Testing</ModuleName>
      <Classes />
    </Module>
    <Module skippedDueTo="MissingPdb" hash="D3-E3-51-BF-FB-68-AC-C7-D2-29-B5-3A-12-3E-EA-50-B7-A1-62-AA">
      <ModulePath>C:\Users\critical\Desktop\Cake.SonarScanner\Cake.SonarScanner.Tests\bin\Release\Cake.Core.dll</ModulePath>
      <ModuleTime>2017-06-12T21:25:46Z</ModuleTime>
      <ModuleName>Cake.Core</ModuleName>
      <Classes />
    </Module>
    <Module skippedDueTo="Filter" hash="28-C7-F1-D2-B6-62-A4-31-36-3F-31-93-5D-F9-9F-81-C1-48-1A-D4">
      <ModulePath>C:\WINDOWS\Microsoft.Net\assembly\GAC_MSIL\System.Threading.Tasks\v4.0_4.0.0.0__b03f5f7f11d50a3a\System.Threading.Tasks.dll</ModulePath>
      <ModuleTime>2017-03-18T20:59:48.0566246Z</ModuleTime>
      <ModuleName>System.Threading.Tasks</ModuleName>
      <Classes />
    </Module>
    <Module skippedDueTo="Filter" hash="2F-2D-15-1B-6D-49-89-92-78-0A-0D-90-DB-18-08-79-54-D3-E6-67">
      <ModulePath>C:\WINDOWS\Microsoft.Net\assembly\GAC_MSIL\System.Collections\v4.0_4.0.0.0__b03f5f7f11d50a3a\System.Collections.dll</ModulePath>
      <ModuleTime>2017-03-18T20:59:46.0564541Z</ModuleTime>
      <ModuleName>System.Collections</ModuleName>
      <Classes />
    </Module>
    <Module skippedDueTo="Filter" hash="8B-3E-B0-DD-85-1A-6F-D8-86-4B-F4-A7-2F-45-5D-9F-2C-B3-13-87">
      <ModulePath>C:\Users\critical\Desktop\Cake.SonarScanner\Cake.SonarScanner.Tests\bin\Release\xunit.assert.dll</ModulePath>
      <ModuleTime>2017-02-19T15:18:04Z</ModuleTime>
      <ModuleName>xunit.assert</ModuleName>
      <Classes />
    </Module>
    <Module skippedDueTo="Filter" hash="27-66-C8-D0-90-FA-62-6B-33-AF-58-9A-78-FF-5F-A5-A4-8E-85-75">
      <ModulePath>C:\WINDOWS\Microsoft.Net\assembly\GAC_MSIL\System.Reflection\v4.0_4.0.0.0__b03f5f7f11d50a3a\System.Reflection.dll</ModulePath>
      <ModuleTime>2017-03-18T20:59:42.2436309Z</ModuleTime>
      <ModuleName>System.Reflection</ModuleName>
      <Classes />
    </Module>
  </Modules>
</CoverageSession>